[2019-04-05 16:04:53] local.ERROR: SQLSTATE[42000]: Syntax error or access violation: 1067 Invalid default value for 'date_start' (SQL: create table `reservations` (`id` int unsigned not null auto_increment primary key, `id_collaborater` int not null, `id_customer` int not null, `created_at` timestamp null, `updated_at` timestamp null, `date_start` timestamp not null, `address_start` text not null, `address_arrival` text not null, `state_request` text not null) default character set utf8mb4 collate 'utf8mb4_unicode_ci') {"exception":"[object] (Illuminate\\Database\\QueryException(code: 42000): SQLSTATE[42000]: Syntax error or access violation: 1067 Invalid default value for 'date_start' (SQL: create table `reservations` (`id` int unsigned not null auto_increment primary key, `id_collaborater` int not null, `id_customer` int not null, `created_at` timestamp null, `updated_at` timestamp null, `date_start` timestamp not null, `address_start` text not null, `address_arrival` text not null, `state_request` text not null) default character set utf8mb4 collate 'utf8mb4_unicode_ci') at /Users/mgcreditsimmobiliers/Documents/laravel/vendor/laravel/framework/src/Illuminate/Database/Connection.php:664, PDOException(code: 42000): SQLSTATE[42000]: Syntax error or access violation: 1067 Invalid default value for 'date_start' at /Users/mgcreditsimmobiliers/Documents/laravel/vendor/laravel/framework/src/Illuminate/Database/Connection.php:458)
[stacktrace]
#0 /Users/mgcreditsimmobiliers/Documents/laravel/vendor/laravel/framework/src/Illuminate/Database/Connection.php(624): Illuminate\\Database\\Connection->runQueryCallback('create table `r...', Array, Object(Closure))
#1 /Users/mgcreditsimmobiliers/Documents/laravel/vendor/laravel/framework/src/Illuminate/Database/Connection.php(459): Illuminate\\Database\\Connection->run('create table `r...', Array, Object(Closure))
#2 /Users/mgcreditsimmobiliers/Documents/laravel/vendor/laravel/framework/src/Illuminate/Database/Schema/Blueprint.php(97): Illuminate\\Database\\Connection->statement('create table `r...')
#3 /Users/mgcreditsimmobiliers/Documents/laravel/vendor/laravel/framework/src/Illuminate/Database/Schema/Builder.php(264): Illuminate\\Database\\Schema\\Blueprint->build(Object(Illuminate\\Database\\MySqlConnection), Object(Illuminate\\Database\\Schema\\Grammars\\MySqlGrammar))
#4 /Users/mgcreditsimmobiliers/Documents/laravel/vendor/laravel/framework/src/Illuminate/Database/Schema/Builder.php(165): Illuminate\\Database\\Schema\\Builder->build(Object(Illuminate\\Database\\Schema\\Blueprint))
#5 /Users/mgcreditsimmobiliers/Documents/laravel/vendor/laravel/framework/src/Illuminate/Support/Facades/Facade.php(237): Illuminate\\Database\\Schema\\Builder->create('reservations', Object(Closure))
#6 /Users/mgcreditsimmobiliers/Documents/laravel/database/migrations/2019_04_05_153827_create_reservations_table.php(25): Illuminate\\Support\\Facades\\Facade::__callStatic('create', Array)
#7 /Users/mgcreditsimmobiliers/Documents/laravel/vendor/laravel/framework/src/Illuminate/Database/Migrations/Migrator.php(360): CreateReservationsTable->up()
#8 /Users/mgcreditsimmobiliers/Documents/laravel/vendor/laravel/framework/src/Illuminate/Database/Migrations/Migrator.php(367): Illuminate\\Database\\Migrations\\Migrator->Illuminate\\Database\\Migrations\\{closure}()
#9 /Users/mgcreditsimmobiliers/Documents/laravel/vendor/laravel/framework/src/Illuminate/Database/Migrations/Migrator.php(178): Illuminate\\Database\\Migrations\\Migrator->runMigration(Object(CreateReservationsTable), 'up')
#10 /Users/mgcreditsimmobiliers/Documents/laravel/vendor/laravel/framework/src/Illuminate/Database/Migrations/Migrator.php(147): Illuminate\\Database\\Migrations\\Migrator->runUp('/Users/mgcredit...', 3, false)
#11 /Users/mgcreditsimmobiliers/Documents/laravel/vendor/laravel/framework/src/Illuminate/Database/Migrations/Migrator.php(96): Illuminate\\Database\\Migrations\\Migrator->runPending(Array, Array)
#12 /Users/mgcreditsimmobiliers/Documents/laravel/vendor/laravel/framework/src/Illuminate/Database/Console/Migrations/MigrateCommand.php(71): Illuminate\\Database\\Migrations\\Migrator->run(Array, Array)
#13 [internal function]: Illuminate\\Database\\Console\\Migrations\\MigrateCommand->handle()
#14 /Users/mgcreditsimmobiliers/Documents/laravel/vendor/laravel/framework/src/Illuminate/Container/BoundMethod.php(29): call_user_func_array(Array, Array)
#15 /Users/mgcreditsimmobiliers/Documents/laravel/vendor/laravel/framework/src/Illuminate/Container/BoundMethod.php(87): Illuminate\\Container\\BoundMethod::Illuminate\\Container\\{closure}()
#16 /Users/mgcreditsimmobiliers/Documents/laravel/vendor/laravel/framework/src/Illuminate/Container/BoundMethod.php(31): Illuminate\\Container\\BoundMethod::callBoundMethod(Object(Illuminate\\Foundation\\Application), Array, Object(Closure))
#17 /Users/mgcreditsimmobiliers/Documents/laravel/vendor/laravel/framework/src/Illuminate/Container/Container.php(572): Illuminate\\Container\\BoundMethod::call(Object(Illuminate\\Foundation\\Application), Array, Array, NULL)
#18 /Users/mgcreditsimmobiliers/Documents/laravel/vendor/laravel/framework/src/Illuminate/Console/Command.php(183): Illuminate\\Container\\Container->call(Array)
#19 /Users/mgcreditsimmobiliers/Documents/laravel/vendor/symfony/console/Command/Command.php(255): Illuminate\\Console\\Command->execute(Object(Symfony\\Component\\Console\\Input\\ArgvInput), Object(Illuminate\\Console\\OutputStyle))
#20 /Users/mgcreditsimmobiliers/Documents/laravel/vendor/laravel/framework/src/Illuminate/Console/Command.php(170): Symfony\\Component\\Console\\Command\\Command->run(Object(Symfony\\Component\\Console\\Input\\ArgvInput), Object(Illuminate\\Console\\OutputStyle))
#21 /Users/mgcreditsimmobiliers/Documents/laravel/vendor/symfony/console/Application.php(901): Illuminate\\Console\\Command->run(Object(Symfony\\Component\\Console\\Input\\ArgvInput), Object(Symfony\\Component\\Console\\Output\\ConsoleOutput))
#22 /Users/mgcreditsimmobiliers/Documents/laravel/vendor/symfony/console/Application.php(262): Symfony\\Component\\Console\\Application->doRunCommand(Object(Illuminate\\Database\\Console\\Migrations\\MigrateCommand), Object(Symfony\\Component\\Console\\Input\\ArgvInput), Object(Symfony\\Component\\Console\\Output\\ConsoleOutput))
#23 /Users/mgcreditsimmobiliers/Documents/laravel/vendor/symfony/console/Application.php(145): Symfony\\Component\\Console\\Application->doRun(Object(Symfony\\Component\\Console\\Input\\ArgvInput), Object(Symfony\\Component\\Console\\Output\\ConsoleOutput))
#24 /Users/mgcreditsimmobiliers/Documents/laravel/vendor/laravel/framework/src/Illuminate/Console/Application.php(89): Symfony\\Component\\Console\\Application->run(Object(Symfony\\Component\\Console\\Input\\ArgvInput), Object(Symfony\\Component\\Console\\Output\\ConsoleOutput))
#25 /Users/mgcreditsimmobiliers/Documents/laravel/vendor/laravel/framework/src/Illuminate/Foundation/Console/Kernel.php(122): Illuminate\\Console\\Application->run(Object(Symfony\\Component\\Console\\Input\\ArgvInput), Object(Symfony\\Component\\Console\\Output\\ConsoleOutput))
#26 /Users/mgcreditsimmobiliers/Documents/laravel/artisan(37): Illuminate\\Foundation\\Console\\Kernel->handle(Object(Symfony\\Component\\Console\\Input\\ArgvInput), Object(Symfony\\Component\\Console\\Output\\ConsoleOutput))
#27 {main}
"} 
[2019-04-05 16:06:35] local.ERROR: SQLSTATE[42000]: Syntax error or access violation: 1067 Invalid default value for 'date_start' (SQL: create table `reservations` (`id` int unsigned not null auto_increment primary key, `id_collaborater` int not null, `id_customer` int not null, `created_at` timestamp null, `updated_at` timestamp null, `date_start` timestamp not null, `address_start` text not null, `address_arrival` text not null, `state_request` text not null) default character set utf8mb4 collate 'utf8mb4_unicode_ci') {"exception":"[object] (Illuminate\\Database\\QueryException(code: 42000): SQLSTATE[42000]: Syntax error or access violation: 1067 Invalid default value for 'date_start' (SQL: create table `reservations` (`id` int unsigned not null auto_increment primary key, `id_collaborater` int not null, `id_customer` int not null, `created_at` timestamp null, `updated_at` timestamp null, `date_start` timestamp not null, `address_start` text not null, `address_arrival` text not null, `state_request` text not null) default character set utf8mb4 collate 'utf8mb4_unicode_ci') at /Users/mgcreditsimmobiliers/Documents/laravel/vendor/laravel/framework/src/Illuminate/Database/Connection.php:664, PDOException(code: 42000): SQLSTATE[42000]: Syntax error or access violation: 1067 Invalid default value for 'date_start' at /Users/mgcreditsimmobiliers/Documents/laravel/vendor/laravel/framework/src/Illuminate/Database/Connection.php:458)
[stacktrace]
#0 /Users/mgcreditsimmobiliers/Documents/laravel/vendor/laravel/framework/src/Illuminate/Database/Connection.php(624): Illuminate\\Database\\Connection->runQueryCallback('create table `r...', Array, Object(Closure))
#1 /Users/mgcreditsimmobiliers/Documents/laravel/vendor/laravel/framework/src/Illuminate/Database/Connection.php(459): Illuminate\\Database\\Connection->run('create table `r...', Array, Object(Closure))
#2 /Users/mgcreditsimmobiliers/Documents/laravel/vendor/laravel/framework/src/Illuminate/Database/Schema/Blueprint.php(97): Illuminate\\Database\\Connection->statement('create table `r...')
#3 /Users/mgcreditsimmobiliers/Documents/laravel/vendor/laravel/framework/src/Illuminate/Database/Schema/Builder.php(264): Illuminate\\Database\\Schema\\Blueprint->build(Object(Illuminate\\Database\\MySqlConnection), Object(Illuminate\\Database\\Schema\\Grammars\\MySqlGrammar))
#4 /Users/mgcreditsimmobiliers/Documents/laravel/vendor/laravel/framework/src/Illuminate/Database/Schema/Builder.php(165): Illuminate\\Database\\Schema\\Builder->build(Object(Illuminate\\Database\\Schema\\Blueprint))
#5 /Users/mgcreditsimmobiliers/Documents/laravel/vendor/laravel/framework/src/Illuminate/Support/Facades/Facade.php(237): Illuminate\\Database\\Schema\\Builder->create('reservations', Object(Closure))
#6 /Users/mgcreditsimmobiliers/Documents/laravel/database/migrations/2019_04_05_153827_create_reservations_table.php(25): Illuminate\\Support\\Facades\\Facade::__callStatic('create', Array)
#7 /Users/mgcreditsimmobiliers/Documents/laravel/vendor/laravel/framework/src/Illuminate/Database/Migrations/Migrator.php(360): CreateReservationsTable->up()
#8 /Users/mgcreditsimmobiliers/Documents/laravel/vendor/laravel/framework/src/Illuminate/Database/Migrations/Migrator.php(367): Illuminate\\Database\\Migrations\\Migrator->Illuminate\\Database\\Migrations\\{closure}()
#9 /Users/mgcreditsimmobiliers/Documents/laravel/vendor/laravel/framework/src/Illuminate/Database/Migrations/Migrator.php(178): Illuminate\\Database\\Migrations\\Migrator->runMigration(Object(CreateReservationsTable), 'up')
#10 /Users/mgcreditsimmobiliers/Documents/laravel/vendor/laravel/framework/src/Illuminate/Database/Migrations/Migrator.php(147): Illuminate\\Database\\Migrations\\Migrator->runUp('/Users/mgcredit...', 3, false)
#11 /Users/mgcreditsimmobiliers/Documents/laravel/vendor/laravel/framework/src/Illuminate/Database/Migrations/Migrator.php(96): Illuminate\\Database\\Migrations\\Migrator->runPending(Array, Array)
#12 /Users/mgcreditsimmobiliers/Documents/laravel/vendor/laravel/framework/src/Illuminate/Database/Console/Migrations/MigrateCommand.php(71): Illuminate\\Database\\Migrations\\Migrator->run(Array, Array)
#13 [internal function]: Illuminate\\Database\\Console\\Migrations\\MigrateCommand->handle()
#14 /Users/mgcreditsimmobiliers/Documents/laravel/vendor/laravel/framework/src/Illuminate/Container/BoundMethod.php(29): call_user_func_array(Array, Array)
#15 /Users/mgcreditsimmobiliers/Documents/laravel/vendor/laravel/framework/src/Illuminate/Container/BoundMethod.php(87): Illuminate\\Container\\BoundMethod::Illuminate\\Container\\{closure}()
#16 /Users/mgcreditsimmobiliers/Documents/laravel/vendor/laravel/framework/src/Illuminate/Container/BoundMethod.php(31): Illuminate\\Container\\BoundMethod::callBoundMethod(Object(Illuminate\\Foundation\\Application), Array, Object(Closure))
#17 /Users/mgcreditsimmobiliers/Documents/laravel/vendor/laravel/framework/src/Illuminate/Container/Container.php(572): Illuminate\\Container\\BoundMethod::call(Object(Illuminate\\Foundation\\Application), Array, Array, NULL)
#18 /Users/mgcreditsimmobiliers/Documents/laravel/vendor/laravel/framework/src/Illuminate/Console/Command.php(183): Illuminate\\Container\\Container->call(Array)
#19 /Users/mgcreditsimmobiliers/Documents/laravel/vendor/symfony/console/Command/Command.php(255): Illuminate\\Console\\Command->execute(Object(Symfony\\Component\\Console\\Input\\ArgvInput), Object(Illuminate\\Console\\OutputStyle))
#20 /Users/mgcreditsimmobiliers/Documents/laravel/vendor/laravel/framework/src/Illuminate/Console/Command.php(170): Symfony\\Component\\Console\\Command\\Command->run(Object(Symfony\\Component\\Console\\Input\\ArgvInput), Object(Illuminate\\Console\\OutputStyle))
#21 /Users/mgcreditsimmobiliers/Documents/laravel/vendor/symfony/console/Application.php(901): Illuminate\\Console\\Command->run(Object(Symfony\\Component\\Console\\Input\\ArgvInput), Object(Symfony\\Component\\Console\\Output\\ConsoleOutput))
#22 /Users/mgcreditsimmobiliers/Documents/laravel/vendor/symfony/console/Application.php(262): Symfony\\Component\\Console\\Application->doRunCommand(Object(Illuminate\\Database\\Console\\Migrations\\MigrateCommand), Object(Symfony\\Component\\Console\\Input\\ArgvInput), Object(Symfony\\Component\\Console\\Output\\ConsoleOutput))
#23 /Users/mgcreditsimmobiliers/Documents/laravel/vendor/symfony/console/Application.php(145): Symfony\\Component\\Console\\Application->doRun(Object(Symfony\\Component\\Console\\Input\\ArgvInput), Object(Symfony\\Component\\Console\\Output\\ConsoleOutput))
#24 /Users/mgcreditsimmobiliers/Documents/laravel/vendor/laravel/framework/src/Illuminate/Console/Application.php(89): Symfony\\Component\\Console\\Application->run(Object(Symfony\\Component\\Console\\Input\\ArgvInput), Object(Symfony\\Component\\Console\\Output\\ConsoleOutput))
#25 /Users/mgcreditsimmobiliers/Documents/laravel/vendor/laravel/framework/src/Illuminate/Foundation/Console/Kernel.php(122): Illuminate\\Console\\Application->run(Object(Symfony\\Component\\Console\\Input\\ArgvInput), Object(Symfony\\Component\\Console\\Output\\ConsoleOutput))
#26 /Users/mgcreditsimmobiliers/Documents/laravel/artisan(37): Illuminate\\Foundation\\Console\\Kernel->handle(Object(Symfony\\Component\\Console\\Input\\ArgvInput), Object(Symfony\\Component\\Console\\Output\\ConsoleOutput))
#27 {main}
"} 
[2019-04-05 16:06:52] local.ERROR: SQLSTATE[42000]: Syntax error or access violation: 1067 Invalid default value for 'date_start' (SQL: create table `reservations` (`id` int unsigned not null auto_increment primary key, `id_collaborater` int not null, `id_customer` int not null, `created_at` timestamp null, `updated_at` timestamp null, `date_start` timestamp not null, `address_start` text not null, `address_arrival` text not null, `state_request` text not null) default character set utf8mb4 collate 'utf8mb4_unicode_ci') {"exception":"[object] (Illuminate\\Database\\QueryException(code: 42000): SQLSTATE[42000]: Syntax error or access violation: 1067 Invalid default value for 'date_start' (SQL: create table `reservations` (`id` int unsigned not null auto_increment primary key, `id_collaborater` int not null, `id_customer` int not null, `created_at` timestamp null, `updated_at` timestamp null, `date_start` timestamp not null, `address_start` text not null, `address_arrival` text not null, `state_request` text not null) default character set utf8mb4 collate 'utf8mb4_unicode_ci') at /Users/mgcreditsimmobiliers/Documents/laravel/vendor/laravel/framework/src/Illuminate/Database/Connection.php:664, PDOException(code: 42000): SQLSTATE[42000]: Syntax error or access violation: 1067 Invalid default value for 'date_start' at /Users/mgcreditsimmobiliers/Documents/laravel/vendor/laravel/framework/src/Illuminate/Database/Connection.php:458)
[stacktrace]
#0 /Users/mgcreditsimmobiliers/Documents/laravel/vendor/laravel/framework/src/Illuminate/Database/Connection.php(624): Illuminate\\Database\\Connection->runQueryCallback('create table `r...', Array, Object(Closure))
#1 /Users/mgcreditsimmobiliers/Documents/laravel/vendor/laravel/framework/src/Illuminate/Database/Connection.php(459): Illuminate\\Database\\Connection->run('create table `r...', Array, Object(Closure))
#2 /Users/mgcreditsimmobiliers/Documents/laravel/vendor/laravel/framework/src/Illuminate/Database/Schema/Blueprint.php(97): Illuminate\\Database\\Connection->statement('create table `r...')
#3 /Users/mgcreditsimmobiliers/Documents/laravel/vendor/laravel/framework/src/Illuminate/Database/Schema/Builder.php(264): Illuminate\\Database\\Schema\\Blueprint->build(Object(Illuminate\\Database\\MySqlConnection), Object(Illuminate\\Database\\Schema\\Grammars\\MySqlGrammar))
#4 /Users/mgcreditsimmobiliers/Documents/laravel/vendor/laravel/framework/src/Illuminate/Database/Schema/Builder.php(165): Illuminate\\Database\\Schema\\Builder->build(Object(Illuminate\\Database\\Schema\\Blueprint))
#5 /Users/mgcreditsimmobiliers/Documents/laravel/vendor/laravel/framework/src/Illuminate/Support/Facades/Facade.php(237): Illuminate\\Database\\Schema\\Builder->create('reservations', Object(Closure))
#6 /Users/mgcreditsimmobiliers/Documents/laravel/database/migrations/2019_04_05_153827_create_reservations_table.php(25): Illuminate\\Support\\Facades\\Facade::__callStatic('create', Array)
#7 /Users/mgcreditsimmobiliers/Documents/laravel/vendor/laravel/framework/src/Illuminate/Database/Migrations/Migrator.php(360): CreateReservationsTable->up()
#8 /Users/mgcreditsimmobiliers/Documents/laravel/vendor/laravel/framework/src/Illuminate/Database/Migrations/Migrator.php(367): Illuminate\\Database\\Migrations\\Migrator->Illuminate\\Database\\Migrations\\{closure}()
#9 /Users/mgcreditsimmobiliers/Documents/laravel/vendor/laravel/framework/src/Illuminate/Database/Migrations/Migrator.php(178): Illuminate\\Database\\Migrations\\Migrator->runMigration(Object(CreateReservationsTable), 'up')
#10 /Users/mgcreditsimmobiliers/Documents/laravel/vendor/laravel/framework/src/Illuminate/Database/Migrations/Migrator.php(147): Illuminate\\Database\\Migrations\\Migrator->runUp('/Users/mgcredit...', 3, false)
#11 /Users/mgcreditsimmobiliers/Documents/laravel/vendor/laravel/framework/src/Illuminate/Database/Migrations/Migrator.php(96): Illuminate\\Database\\Migrations\\Migrator->runPending(Array, Array)
#12 /Users/mgcreditsimmobiliers/Documents/laravel/vendor/laravel/framework/src/Illuminate/Database/Console/Migrations/MigrateCommand.php(71): Illuminate\\Database\\Migrations\\Migrator->run(Array, Array)
#13 [internal function]: Illuminate\\Database\\Console\\Migrations\\MigrateCommand->handle()
#14 /Users/mgcreditsimmobiliers/Documents/laravel/vendor/laravel/framework/src/Illuminate/Container/BoundMethod.php(29): call_user_func_array(Array, Array)
#15 /Users/mgcreditsimmobiliers/Documents/laravel/vendor/laravel/framework/src/Illuminate/Container/BoundMethod.php(87): Illuminate\\Container\\BoundMethod::Illuminate\\Container\\{closure}()
#16 /Users/mgcreditsimmobiliers/Documents/laravel/vendor/laravel/framework/src/Illuminate/Container/BoundMethod.php(31): Illuminate\\Container\\BoundMethod::callBoundMethod(Object(Illuminate\\Foundation\\Application), Array, Object(Closure))
#17 /Users/mgcreditsimmobiliers/Documents/laravel/vendor/laravel/framework/src/Illuminate/Container/Container.php(572): Illuminate\\Container\\BoundMethod::call(Object(Illuminate\\Foundation\\Application), Array, Array, NULL)
#18 /Users/mgcreditsimmobiliers/Documents/laravel/vendor/laravel/framework/src/Illuminate/Console/Command.php(183): Illuminate\\Container\\Container->call(Array)
#19 /Users/mgcreditsimmobiliers/Documents/laravel/vendor/symfony/console/Command/Command.php(255): Illuminate\\Console\\Command->execute(Object(Symfony\\Component\\Console\\Input\\ArgvInput), Object(Illuminate\\Console\\OutputStyle))
#20 /Users/mgcreditsimmobiliers/Documents/laravel/vendor/laravel/framework/src/Illuminate/Console/Command.php(170): Symfony\\Component\\Console\\Command\\Command->run(Object(Symfony\\Component\\Console\\Input\\ArgvInput), Object(Illuminate\\Console\\OutputStyle))
#21 /Users/mgcreditsimmobiliers/Documents/laravel/vendor/symfony/console/Application.php(901): Illuminate\\Console\\Command->run(Object(Symfony\\Component\\Console\\Input\\ArgvInput), Object(Symfony\\Component\\Console\\Output\\ConsoleOutput))
#22 /Users/mgcreditsimmobiliers/Documents/laravel/vendor/symfony/console/Application.php(262): Symfony\\Component\\Console\\Application->doRunCommand(Object(Illuminate\\Database\\Console\\Migrations\\MigrateCommand), Object(Symfony\\Component\\Console\\Input\\ArgvInput), Object(Symfony\\Component\\Console\\Output\\ConsoleOutput))
#23 /Users/mgcreditsimmobiliers/Documents/laravel/vendor/symfony/console/Application.php(145): Symfony\\Component\\Console\\Application->doRun(Object(Symfony\\Component\\Console\\Input\\ArgvInput), Object(Symfony\\Component\\Console\\Output\\ConsoleOutput))
#24 /Users/mgcreditsimmobiliers/Documents/laravel/vendor/laravel/framework/src/Illuminate/Console/Application.php(89): Symfony\\Component\\Console\\Application->run(Object(Symfony\\Component\\Console\\Input\\ArgvInput), Object(Symfony\\Component\\Console\\Output\\ConsoleOutput))
#25 /Users/mgcreditsimmobiliers/Documents/laravel/vendor/laravel/framework/src/Illuminate/Foundation/Console/Kernel.php(122): Illuminate\\Console\\Application->run(Object(Symfony\\Component\\Console\\Input\\ArgvInput), Object(Symfony\\Component\\Console\\Output\\ConsoleOutput))
#26 /Users/mgcreditsimmobiliers/Documents/laravel/artisan(37): Illuminate\\Foundation\\Console\\Kernel->handle(Object(Symfony\\Component\\Console\\Input\\ArgvInput), Object(Symfony\\Component\\Console\\Output\\ConsoleOutput))
#27 {main}
"} 
[2019-04-05 16:07:50] local.ERROR: SQLSTATE[42000]: Syntax error or access violation: 1067 Invalid default value for 'date_start' (SQL: create table `reservations` (`id` int unsigned not null auto_increment primary key, `id_collaborater` int not null, `id_customer` int not null, `created_at` timestamp null, `updated_at` timestamp null, `date_start` timestamp not null, `address_start` text not null, `address_arrival` text not null, `state_request` text not null) default character set utf8mb4 collate 'utf8mb4_unicode_ci') {"exception":"[object] (Illuminate\\Database\\QueryException(code: 42000): SQLSTATE[42000]: Syntax error or access violation: 1067 Invalid default value for 'date_start' (SQL: create table `reservations` (`id` int unsigned not null auto_increment primary key, `id_collaborater` int not null, `id_customer` int not null, `created_at` timestamp null, `updated_at` timestamp null, `date_start` timestamp not null, `address_start` text not null, `address_arrival` text not null, `state_request` text not null) default character set utf8mb4 collate 'utf8mb4_unicode_ci') at /Users/mgcreditsimmobiliers/Documents/laravel/vendor/laravel/framework/src/Illuminate/Database/Connection.php:664, PDOException(code: 42000): SQLSTATE[42000]: Syntax error or access violation: 1067 Invalid default value for 'date_start' at /Users/mgcreditsimmobiliers/Documents/laravel/vendor/laravel/framework/src/Illuminate/Database/Connection.php:458)
[stacktrace]
#0 /Users/mgcreditsimmobiliers/Documents/laravel/vendor/laravel/framework/src/Illuminate/Database/Connection.php(624): Illuminate\\Database\\Connection->runQueryCallback('create table `r...', Array, Object(Closure))
#1 /Users/mgcreditsimmobiliers/Documents/laravel/vendor/laravel/framework/src/Illuminate/Database/Connection.php(459): Illuminate\\Database\\Connection->run('create table `r...', Array, Object(Closure))
#2 /Users/mgcreditsimmobiliers/Documents/laravel/vendor/laravel/framework/src/Illuminate/Database/Schema/Blueprint.php(97): Illuminate\\Database\\Connection->statement('create table `r...')
#3 /Users/mgcreditsimmobiliers/Documents/laravel/vendor/laravel/framework/src/Illuminate/Database/Schema/Builder.php(264): Illuminate\\Database\\Schema\\Blueprint->build(Object(Illuminate\\Database\\MySqlConnection), Object(Illuminate\\Database\\Schema\\Grammars\\MySqlGrammar))
#4 /Users/mgcreditsimmobiliers/Documents/laravel/vendor/laravel/framework/src/Illuminate/Database/Schema/Builder.php(165): Illuminate\\Database\\Schema\\Builder->build(Object(Illuminate\\Database\\Schema\\Blueprint))
#5 /Users/mgcreditsimmobiliers/Documents/laravel/vendor/laravel/framework/src/Illuminate/Support/Facades/Facade.php(237): Illuminate\\Database\\Schema\\Builder->create('reservations', Object(Closure))
#6 /Users/mgcreditsimmobiliers/Documents/laravel/database/migrations/2019_04_05_153827_create_reservations_table.php(25): Illuminate\\Support\\Facades\\Facade::__callStatic('create', Array)
#7 /Users/mgcreditsimmobiliers/Documents/laravel/vendor/laravel/framework/src/Illuminate/Database/Migrations/Migrator.php(360): CreateReservationsTable->up()
#8 /Users/mgcreditsimmobiliers/Documents/laravel/vendor/laravel/framework/src/Illuminate/Database/Migrations/Migrator.php(367): Illuminate\\Database\\Migrations\\Migrator->Illuminate\\Database\\Migrations\\{closure}()
#9 /Users/mgcreditsimmobiliers/Documents/laravel/vendor/laravel/framework/src/Illuminate/Database/Migrations/Migrator.php(178): Illuminate\\Database\\Migrations\\Migrator->runMigration(Object(CreateReservationsTable), 'up')
#10 /Users/mgcreditsimmobiliers/Documents/laravel/vendor/laravel/framework/src/Illuminate/Database/Migrations/Migrator.php(147): Illuminate\\Database\\Migrations\\Migrator->runUp('/Users/mgcredit...', 3, false)
#11 /Users/mgcreditsimmobiliers/Documents/laravel/vendor/laravel/framework/src/Illuminate/Database/Migrations/Migrator.php(96): Illuminate\\Database\\Migrations\\Migrator->runPending(Array, Array)
#12 /Users/mgcreditsimmobiliers/Documents/laravel/vendor/laravel/framework/src/Illuminate/Database/Console/Migrations/MigrateCommand.php(71): Illuminate\\Database\\Migrations\\Migrator->run(Array, Array)
#13 [internal function]: Illuminate\\Database\\Console\\Migrations\\MigrateCommand->handle()
#14 /Users/mgcreditsimmobiliers/Documents/laravel/vendor/laravel/framework/src/Illuminate/Container/BoundMethod.php(29): call_user_func_array(Array, Array)
#15 /Users/mgcreditsimmobiliers/Documents/laravel/vendor/laravel/framework/src/Illuminate/Container/BoundMethod.php(87): Illuminate\\Container\\BoundMethod::Illuminate\\Container\\{closure}()
#16 /Users/mgcreditsimmobiliers/Documents/laravel/vendor/laravel/framework/src/Illuminate/Container/BoundMethod.php(31): Illuminate\\Container\\BoundMethod::callBoundMethod(Object(Illuminate\\Foundation\\Application), Array, Object(Closure))
#17 /Users/mgcreditsimmobiliers/Documents/laravel/vendor/laravel/framework/src/Illuminate/Container/Container.php(572): Illuminate\\Container\\BoundMethod::call(Object(Illuminate\\Foundation\\Application), Array, Array, NULL)
#18 /Users/mgcreditsimmobiliers/Documents/laravel/vendor/laravel/framework/src/Illuminate/Console/Command.php(183): Illuminate\\Container\\Container->call(Array)
#19 /Users/mgcreditsimmobiliers/Documents/laravel/vendor/symfony/console/Command/Command.php(255): Illuminate\\Console\\Command->execute(Object(Symfony\\Component\\Console\\Input\\ArgvInput), Object(Illuminate\\Console\\OutputStyle))
#20 /Users/mgcreditsimmobiliers/Documents/laravel/vendor/laravel/framework/src/Illuminate/Console/Command.php(170): Symfony\\Component\\Console\\Command\\Command->run(Object(Symfony\\Component\\Console\\Input\\ArgvInput), Object(Illuminate\\Console\\OutputStyle))
#21 /Users/mgcreditsimmobiliers/Documents/laravel/vendor/symfony/console/Application.php(901): Illuminate\\Console\\Command->run(Object(Symfony\\Component\\Console\\Input\\ArgvInput), Object(Symfony\\Component\\Console\\Output\\ConsoleOutput))
#22 /Users/mgcreditsimmobiliers/Documents/laravel/vendor/symfony/console/Application.php(262): Symfony\\Component\\Console\\Application->doRunCommand(Object(Illuminate\\Database\\Console\\Migrations\\MigrateCommand), Object(Symfony\\Component\\Console\\Input\\ArgvInput), Object(Symfony\\Component\\Console\\Output\\ConsoleOutput))
#23 /Users/mgcreditsimmobiliers/Documents/laravel/vendor/symfony/console/Application.php(145): Symfony\\Component\\Console\\Application->doRun(Object(Symfony\\Component\\Console\\Input\\ArgvInput), Object(Symfony\\Component\\Console\\Output\\ConsoleOutput))
#24 /Users/mgcreditsimmobiliers/Documents/laravel/vendor/laravel/framework/src/Illuminate/Console/Application.php(89): Symfony\\Component\\Console\\Application->run(Object(Symfony\\Component\\Console\\Input\\ArgvInput), Object(Symfony\\Component\\Console\\Output\\ConsoleOutput))
#25 /Users/mgcreditsimmobiliers/Documents/laravel/vendor/laravel/framework/src/Illuminate/Foundation/Console/Kernel.php(122): Illuminate\\Console\\Application->run(Object(Symfony\\Component\\Console\\Input\\ArgvInput), Object(Symfony\\Component\\Console\\Output\\ConsoleOutput))
#26 /Users/mgcreditsimmobiliers/Documents/laravel/artisan(37): Illuminate\\Foundation\\Console\\Kernel->handle(Object(Symfony\\Component\\Console\\Input\\ArgvInput), Object(Symfony\\Component\\Console\\Output\\ConsoleOutput))
#27 {main}
"} 
[2019-04-05 16:08:16] local.ERROR: SQLSTATE[42000]: Syntax error or access violation: 1067 Invalid default value for 'date_start' (SQL: create table `reservations` (`id` int unsigned not null auto_increment primary key, `id_collaborater` int not null, `id_customer` int not null, `created_at` timestamp null, `updated_at` timestamp null, `date_start` timestamp not null, `address_start` text not null, `address_arrival` text not null, `state_request` text not null) default character set utf8mb4 collate 'utf8mb4_unicode_ci') {"exception":"[object] (Illuminate\\Database\\QueryException(code: 42000): SQLSTATE[42000]: Syntax error or access violation: 1067 Invalid default value for 'date_start' (SQL: create table `reservations` (`id` int unsigned not null auto_increment primary key, `id_collaborater` int not null, `id_customer` int not null, `created_at` timestamp null, `updated_at` timestamp null, `date_start` timestamp not null, `address_start` text not null, `address_arrival` text not null, `state_request` text not null) default character set utf8mb4 collate 'utf8mb4_unicode_ci') at /Users/mgcreditsimmobiliers/Documents/laravel/vendor/laravel/framework/src/Illuminate/Database/Connection.php:664, PDOException(code: 42000): SQLSTATE[42000]: Syntax error or access violation: 1067 Invalid default value for 'date_start' at /Users/mgcreditsimmobiliers/Documents/laravel/vendor/laravel/framework/src/Illuminate/Database/Connection.php:458)
[stacktrace]
#0 /Users/mgcreditsimmobiliers/Documents/laravel/vendor/laravel/framework/src/Illuminate/Database/Connection.php(624): Illuminate\\Database\\Connection->runQueryCallback('create table `r...', Array, Object(Closure))
#1 /Users/mgcreditsimmobiliers/Documents/laravel/vendor/laravel/framework/src/Illuminate/Database/Connection.php(459): Illuminate\\Database\\Connection->run('create table `r...', Array, Object(Closure))
#2 /Users/mgcreditsimmobiliers/Documents/laravel/vendor/laravel/framework/src/Illuminate/Database/Schema/Blueprint.php(97): Illuminate\\Database\\Connection->statement('create table `r...')
#3 /Users/mgcreditsimmobiliers/Documents/laravel/vendor/laravel/framework/src/Illuminate/Database/Schema/Builder.php(264): Illuminate\\Database\\Schema\\Blueprint->build(Object(Illuminate\\Database\\MySqlConnection), Object(Illuminate\\Database\\Schema\\Grammars\\MySqlGrammar))
#4 /Users/mgcreditsimmobiliers/Documents/laravel/vendor/laravel/framework/src/Illuminate/Database/Schema/Builder.php(165): Illuminate\\Database\\Schema\\Builder->build(Object(Illuminate\\Database\\Schema\\Blueprint))
#5 /Users/mgcreditsimmobiliers/Documents/laravel/vendor/laravel/framework/src/Illuminate/Support/Facades/Facade.php(237): Illuminate\\Database\\Schema\\Builder->create('reservations', Object(Closure))
#6 /Users/mgcreditsimmobiliers/Documents/laravel/database/migrations/2019_04_05_153827_create_reservations_table.php(25): Illuminate\\Support\\Facades\\Facade::__callStatic('create', Array)
#7 /Users/mgcreditsimmobiliers/Documents/laravel/vendor/laravel/framework/src/Illuminate/Database/Migrations/Migrator.php(360): CreateReservationsTable->up()
#8 /Users/mgcreditsimmobiliers/Documents/laravel/vendor/laravel/framework/src/Illuminate/Database/Migrations/Migrator.php(367): Illuminate\\Database\\Migrations\\Migrator->Illuminate\\Database\\Migrations\\{closure}()
#9 /Users/mgcreditsimmobiliers/Documents/laravel/vendor/laravel/framework/src/Illuminate/Database/Migrations/Migrator.php(178): Illuminate\\Database\\Migrations\\Migrator->runMigration(Object(CreateReservationsTable), 'up')
#10 /Users/mgcreditsimmobiliers/Documents/laravel/vendor/laravel/framework/src/Illuminate/Database/Migrations/Migrator.php(147): Illuminate\\Database\\Migrations\\Migrator->runUp('/Users/mgcredit...', 3, false)
#11 /Users/mgcreditsimmobiliers/Documents/laravel/vendor/laravel/framework/src/Illuminate/Database/Migrations/Migrator.php(96): Illuminate\\Database\\Migrations\\Migrator->runPending(Array, Array)
#12 /Users/mgcreditsimmobiliers/Documents/laravel/vendor/laravel/framework/src/Illuminate/Database/Console/Migrations/MigrateCommand.php(71): Illuminate\\Database\\Migrations\\Migrator->run(Array, Array)
#13 [internal function]: Illuminate\\Database\\Console\\Migrations\\MigrateCommand->handle()
#14 /Users/mgcreditsimmobiliers/Documents/laravel/vendor/laravel/framework/src/Illuminate/Container/BoundMethod.php(29): call_user_func_array(Array, Array)
#15 /Users/mgcreditsimmobiliers/Documents/laravel/vendor/laravel/framework/src/Illuminate/Container/BoundMethod.php(87): Illuminate\\Container\\BoundMethod::Illuminate\\Container\\{closure}()
#16 /Users/mgcreditsimmobiliers/Documents/laravel/vendor/laravel/framework/src/Illuminate/Container/BoundMethod.php(31): Illuminate\\Container\\BoundMethod::callBoundMethod(Object(Illuminate\\Foundation\\Application), Array, Object(Closure))
#17 /Users/mgcreditsimmobiliers/Documents/laravel/vendor/laravel/framework/src/Illuminate/Container/Container.php(572): Illuminate\\Container\\BoundMethod::call(Object(Illuminate\\Foundation\\Application), Array, Array, NULL)
#18 /Users/mgcreditsimmobiliers/Documents/laravel/vendor/laravel/framework/src/Illuminate/Console/Command.php(183): Illuminate\\Container\\Container->call(Array)
#19 /Users/mgcreditsimmobiliers/Documents/laravel/vendor/symfony/console/Command/Command.php(255): Illuminate\\Console\\Command->execute(Object(Symfony\\Component\\Console\\Input\\ArgvInput), Object(Illuminate\\Console\\OutputStyle))
#20 /Users/mgcreditsimmobiliers/Documents/laravel/vendor/laravel/framework/src/Illuminate/Console/Command.php(170): Symfony\\Component\\Console\\Command\\Command->run(Object(Symfony\\Component\\Console\\Input\\ArgvInput), Object(Illuminate\\Console\\OutputStyle))
#21 /Users/mgcreditsimmobiliers/Documents/laravel/vendor/symfony/console/Application.php(901): Illuminate\\Console\\Command->run(Object(Symfony\\Component\\Console\\Input\\ArgvInput), Object(Symfony\\Component\\Console\\Output\\ConsoleOutput))
#22 /Users/mgcreditsimmobiliers/Documents/laravel/vendor/symfony/console/Application.php(262): Symfony\\Component\\Console\\Application->doRunCommand(Object(Illuminate\\Database\\Console\\Migrations\\MigrateCommand), Object(Symfony\\Component\\Console\\Input\\ArgvInput), Object(Symfony\\Component\\Console\\Output\\ConsoleOutput))
#23 /Users/mgcreditsimmobiliers/Documents/laravel/vendor/symfony/console/Application.php(145): Symfony\\Component\\Console\\Application->doRun(Object(Symfony\\Component\\Console\\Input\\ArgvInput), Object(Symfony\\Component\\Console\\Output\\ConsoleOutput))
#24 /Users/mgcreditsimmobiliers/Documents/laravel/vendor/laravel/framework/src/Illuminate/Console/Application.php(89): Symfony\\Component\\Console\\Application->run(Object(Symfony\\Component\\Console\\Input\\ArgvInput), Object(Symfony\\Component\\Console\\Output\\ConsoleOutput))
#25 /Users/mgcreditsimmobiliers/Documents/laravel/vendor/laravel/framework/src/Illuminate/Foundation/Console/Kernel.php(122): Illuminate\\Console\\Application->run(Object(Symfony\\Component\\Console\\Input\\ArgvInput), Object(Symfony\\Component\\Console\\Output\\ConsoleOutput))
#26 /Users/mgcreditsimmobiliers/Documents/laravel/artisan(37): Illuminate\\Foundation\\Console\\Kernel->handle(Object(Symfony\\Component\\Console\\Input\\ArgvInput), Object(Symfony\\Component\\Console\\Output\\ConsoleOutput))
#27 {main}
"} 
[2019-04-05 16:08:34] local.ERROR: SQLSTATE[42000]: Syntax error or access violation: 1067 Invalid default value for 'date_start' (SQL: create table `reservations` (`id` int unsigned not null auto_increment primary key, `id_collaborater` int not null, `id_customer` int not null, `created_at` timestamp null, `updated_at` timestamp null, `date_start` timestamp not null, `address_start` text not null, `address_arrival` text not null, `state_request` text not null) default character set utf8mb4 collate 'utf8mb4_unicode_ci') {"exception":"[object] (Illuminate\\Database\\QueryException(code: 42000): SQLSTATE[42000]: Syntax error or access violation: 1067 Invalid default value for 'date_start' (SQL: create table `reservations` (`id` int unsigned not null auto_increment primary key, `id_collaborater` int not null, `id_customer` int not null, `created_at` timestamp null, `updated_at` timestamp null, `date_start` timestamp not null, `address_start` text not null, `address_arrival` text not null, `state_request` text not null) default character set utf8mb4 collate 'utf8mb4_unicode_ci') at /Users/mgcreditsimmobiliers/Documents/laravel/vendor/laravel/framework/src/Illuminate/Database/Connection.php:664, PDOException(code: 42000): SQLSTATE[42000]: Syntax error or access violation: 1067 Invalid default value for 'date_start' at /Users/mgcreditsimmobiliers/Documents/laravel/vendor/laravel/framework/src/Illuminate/Database/Connection.php:458)
[stacktrace]
#0 /Users/mgcreditsimmobiliers/Documents/laravel/vendor/laravel/framework/src/Illuminate/Database/Connection.php(624): Illuminate\\Database\\Connection->runQueryCallback('create table `r...', Array, Object(Closure))
#1 /Users/mgcreditsimmobiliers/Documents/laravel/vendor/laravel/framework/src/Illuminate/Database/Connection.php(459): Illuminate\\Database\\Connection->run('create table `r...', Array, Object(Closure))
#2 /Users/mgcreditsimmobiliers/Documents/laravel/vendor/laravel/framework/src/Illuminate/Database/Schema/Blueprint.php(97): Illuminate\\Database\\Connection->statement('create table `r...')
#3 /Users/mgcreditsimmobiliers/Documents/laravel/vendor/laravel/framework/src/Illuminate/Database/Schema/Builder.php(264): Illuminate\\Database\\Schema\\Blueprint->build(Object(Illuminate\\Database\\MySqlConnection), Object(Illuminate\\Database\\Schema\\Grammars\\MySqlGrammar))
#4 /Users/mgcreditsimmobiliers/Documents/laravel/vendor/laravel/framework/src/Illuminate/Database/Schema/Builder.php(165): Illuminate\\Database\\Schema\\Builder->build(Object(Illuminate\\Database\\Schema\\Blueprint))
#5 /Users/mgcreditsimmobiliers/Documents/laravel/vendor/laravel/framework/src/Illuminate/Support/Facades/Facade.php(237): Illuminate\\Database\\Schema\\Builder->create('reservations', Object(Closure))
#6 /Users/mgcreditsimmobiliers/Documents/laravel/database/migrations/2019_04_05_153827_create_reservations_table.php(25): Illuminate\\Support\\Facades\\Facade::__callStatic('create', Array)
#7 /Users/mgcreditsimmobiliers/Documents/laravel/vendor/laravel/framework/src/Illuminate/Database/Migrations/Migrator.php(360): CreateReservationsTable->up()
#8 /Users/mgcreditsimmobiliers/Documents/laravel/vendor/laravel/framework/src/Illuminate/Database/Migrations/Migrator.php(367): Illuminate\\Database\\Migrations\\Migrator->Illuminate\\Database\\Migrations\\{closure}()
#9 /Users/mgcreditsimmobiliers/Documents/laravel/vendor/laravel/framework/src/Illuminate/Database/Migrations/Migrator.php(178): Illuminate\\Database\\Migrations\\Migrator->runMigration(Object(CreateReservationsTable), 'up')
#10 /Users/mgcreditsimmobiliers/Documents/laravel/vendor/laravel/framework/src/Illuminate/Database/Migrations/Migrator.php(147): Illuminate\\Database\\Migrations\\Migrator->runUp('/Users/mgcredit...', 3, false)
#11 /Users/mgcreditsimmobiliers/Documents/laravel/vendor/laravel/framework/src/Illuminate/Database/Migrations/Migrator.php(96): Illuminate\\Database\\Migrations\\Migrator->runPending(Array, Array)
#12 /Users/mgcreditsimmobiliers/Documents/laravel/vendor/laravel/framework/src/Illuminate/Database/Console/Migrations/MigrateCommand.php(71): Illuminate\\Database\\Migrations\\Migrator->run(Array, Array)
#13 [internal function]: Illuminate\\Database\\Console\\Migrations\\MigrateCommand->handle()
#14 /Users/mgcreditsimmobiliers/Documents/laravel/vendor/laravel/framework/src/Illuminate/Container/BoundMethod.php(29): call_user_func_array(Array, Array)
#15 /Users/mgcreditsimmobiliers/Documents/laravel/vendor/laravel/framework/src/Illuminate/Container/BoundMethod.php(87): Illuminate\\Container\\BoundMethod::Illuminate\\Container\\{closure}()
#16 /Users/mgcreditsimmobiliers/Documents/laravel/vendor/laravel/framework/src/Illuminate/Container/BoundMethod.php(31): Illuminate\\Container\\BoundMethod::callBoundMethod(Object(Illuminate\\Foundation\\Application), Array, Object(Closure))
#17 /Users/mgcreditsimmobiliers/Documents/laravel/vendor/laravel/framework/src/Illuminate/Container/Container.php(572): Illuminate\\Container\\BoundMethod::call(Object(Illuminate\\Foundation\\Application), Array, Array, NULL)
#18 /Users/mgcreditsimmobiliers/Documents/laravel/vendor/laravel/framework/src/Illuminate/Console/Command.php(183): Illuminate\\Container\\Container->call(Array)
#19 /Users/mgcreditsimmobiliers/Documents/laravel/vendor/symfony/console/Command/Command.php(255): Illuminate\\Console\\Command->execute(Object(Symfony\\Component\\Console\\Input\\ArgvInput), Object(Illuminate\\Console\\OutputStyle))
#20 /Users/mgcreditsimmobiliers/Documents/laravel/vendor/laravel/framework/src/Illuminate/Console/Command.php(170): Symfony\\Component\\Console\\Command\\Command->run(Object(Symfony\\Component\\Console\\Input\\ArgvInput), Object(Illuminate\\Console\\OutputStyle))
#21 /Users/mgcreditsimmobiliers/Documents/laravel/vendor/symfony/console/Application.php(901): Illuminate\\Console\\Command->run(Object(Symfony\\Component\\Console\\Input\\ArgvInput), Object(Symfony\\Component\\Console\\Output\\ConsoleOutput))
#22 /Users/mgcreditsimmobiliers/Documents/laravel/vendor/symfony/console/Application.php(262): Symfony\\Component\\Console\\Application->doRunCommand(Object(Illuminate\\Database\\Console\\Migrations\\MigrateCommand), Object(Symfony\\Component\\Console\\Input\\ArgvInput), Object(Symfony\\Component\\Console\\Output\\ConsoleOutput))
#23 /Users/mgcreditsimmobiliers/Documents/laravel/vendor/symfony/console/Application.php(145): Symfony\\Component\\Console\\Application->doRun(Object(Symfony\\Component\\Console\\Input\\ArgvInput), Object(Symfony\\Component\\Console\\Output\\ConsoleOutput))
#24 /Users/mgcreditsimmobiliers/Documents/laravel/vendor/laravel/framework/src/Illuminate/Console/Application.php(89): Symfony\\Component\\Console\\Application->run(Object(Symfony\\Component\\Console\\Input\\ArgvInput), Object(Symfony\\Component\\Console\\Output\\ConsoleOutput))
#25 /Users/mgcreditsimmobiliers/Documents/laravel/vendor/laravel/framework/src/Illuminate/Foundation/Console/Kernel.php(122): Illuminate\\Console\\Application->run(Object(Symfony\\Component\\Console\\Input\\ArgvInput), Object(Symfony\\Component\\Console\\Output\\ConsoleOutput))
#26 /Users/mgcreditsimmobiliers/Documents/laravel/artisan(37): Illuminate\\Foundation\\Console\\Kernel->handle(Object(Symfony\\Component\\Console\\Input\\ArgvInput), Object(Symfony\\Component\\Console\\Output\\ConsoleOutput))
#27 {main}
"} 
[2019-04-05 16:10:56] local.ERROR: SQLSTATE[42000]: Syntax error or access violation: 1067 Invalid default value for 'date_start' (SQL: create table `reservations` (`id` int unsigned not null auto_increment primary key, `id_collaborater` int not null, `id_customer` int not null, `created_at` timestamp null, `updated_at` timestamp null, `date_start` timestamp not null, `address_start` text not null, `address_arrival` text not null, `state_request` text not null) default character set utf8mb4 collate 'utf8mb4_unicode_ci') {"exception":"[object] (Illuminate\\Database\\QueryException(code: 42000): SQLSTATE[42000]: Syntax error or access violation: 1067 Invalid default value for 'date_start' (SQL: create table `reservations` (`id` int unsigned not null auto_increment primary key, `id_collaborater` int not null, `id_customer` int not null, `created_at` timestamp null, `updated_at` timestamp null, `date_start` timestamp not null, `address_start` text not null, `address_arrival` text not null, `state_request` text not null) default character set utf8mb4 collate 'utf8mb4_unicode_ci') at /Users/mgcreditsimmobiliers/Documents/laravel/vendor/laravel/framework/src/Illuminate/Database/Connection.php:664, PDOException(code: 42000): SQLSTATE[42000]: Syntax error or access violation: 1067 Invalid default value for 'date_start' at /Users/mgcreditsimmobiliers/Documents/laravel/vendor/laravel/framework/src/Illuminate/Database/Connection.php:458)
[stacktrace]
#0 /Users/mgcreditsimmobiliers/Documents/laravel/vendor/laravel/framework/src/Illuminate/Database/Connection.php(624): Illuminate\\Database\\Connection->runQueryCallback('create table `r...', Array, Object(Closure))
#1 /Users/mgcreditsimmobiliers/Documents/laravel/vendor/laravel/framework/src/Illuminate/Database/Connection.php(459): Illuminate\\Database\\Connection->run('create table `r...', Array, Object(Closure))
#2 /Users/mgcreditsimmobiliers/Documents/laravel/vendor/laravel/framework/src/Illuminate/Database/Schema/Blueprint.php(97): Illuminate\\Database\\Connection->statement('create table `r...')
#3 /Users/mgcreditsimmobiliers/Documents/laravel/vendor/laravel/framework/src/Illuminate/Database/Schema/Builder.php(264): Illuminate\\Database\\Schema\\Blueprint->build(Object(Illuminate\\Database\\MySqlConnection), Object(Illuminate\\Database\\Schema\\Grammars\\MySqlGrammar))
#4 /Users/mgcreditsimmobiliers/Documents/laravel/vendor/laravel/framework/src/Illuminate/Database/Schema/Builder.php(165): Illuminate\\Database\\Schema\\Builder->build(Object(Illuminate\\Database\\Schema\\Blueprint))
#5 /Users/mgcreditsimmobiliers/Documents/laravel/vendor/laravel/framework/src/Illuminate/Support/Facades/Facade.php(237): Illuminate\\Database\\Schema\\Builder->create('reservations', Object(Closure))
#6 /Users/mgcreditsimmobiliers/Documents/laravel/database/migrations/2019_04_05_153827_create_reservations_table.php(25): Illuminate\\Support\\Facades\\Facade::__callStatic('create', Array)
#7 /Users/mgcreditsimmobiliers/Documents/laravel/vendor/laravel/framework/src/Illuminate/Database/Migrations/Migrator.php(360): CreateReservationsTable->up()
#8 /Users/mgcreditsimmobiliers/Documents/laravel/vendor/laravel/framework/src/Illuminate/Database/Migrations/Migrator.php(367): Illuminate\\Database\\Migrations\\Migrator->Illuminate\\Database\\Migrations\\{closure}()
#9 /Users/mgcreditsimmobiliers/Documents/laravel/vendor/laravel/framework/src/Illuminate/Database/Migrations/Migrator.php(178): Illuminate\\Database\\Migrations\\Migrator->runMigration(Object(CreateReservationsTable), 'up')
#10 /Users/mgcreditsimmobiliers/Documents/laravel/vendor/laravel/framework/src/Illuminate/Database/Migrations/Migrator.php(147): Illuminate\\Database\\Migrations\\Migrator->runUp('/Users/mgcredit...', 3, false)
#11 /Users/mgcreditsimmobiliers/Documents/laravel/vendor/laravel/framework/src/Illuminate/Database/Migrations/Migrator.php(96): Illuminate\\Database\\Migrations\\Migrator->runPending(Array, Array)
#12 /Users/mgcreditsimmobiliers/Documents/laravel/vendor/laravel/framework/src/Illuminate/Database/Console/Migrations/MigrateCommand.php(71): Illuminate\\Database\\Migrations\\Migrator->run(Array, Array)
#13 [internal function]: Illuminate\\Database\\Console\\Migrations\\MigrateCommand->handle()
#14 /Users/mgcreditsimmobiliers/Documents/laravel/vendor/laravel/framework/src/Illuminate/Container/BoundMethod.php(29): call_user_func_array(Array, Array)
#15 /Users/mgcreditsimmobiliers/Documents/laravel/vendor/laravel/framework/src/Illuminate/Container/BoundMethod.php(87): Illuminate\\Container\\BoundMethod::Illuminate\\Container\\{closure}()
#16 /Users/mgcreditsimmobiliers/Documents/laravel/vendor/laravel/framework/src/Illuminate/Container/BoundMethod.php(31): Illuminate\\Container\\BoundMethod::callBoundMethod(Object(Illuminate\\Foundation\\Application), Array, Object(Closure))
#17 /Users/mgcreditsimmobiliers/Documents/laravel/vendor/laravel/framework/src/Illuminate/Container/Container.php(572): Illuminate\\Container\\BoundMethod::call(Object(Illuminate\\Foundation\\Application), Array, Array, NULL)
#18 /Users/mgcreditsimmobiliers/Documents/laravel/vendor/laravel/framework/src/Illuminate/Console/Command.php(183): Illuminate\\Container\\Container->call(Array)
#19 /Users/mgcreditsimmobiliers/Documents/laravel/vendor/symfony/console/Command/Command.php(255): Illuminate\\Console\\Command->execute(Object(Symfony\\Component\\Console\\Input\\ArgvInput), Object(Illuminate\\Console\\OutputStyle))
#20 /Users/mgcreditsimmobiliers/Documents/laravel/vendor/laravel/framework/src/Illuminate/Console/Command.php(170): Symfony\\Component\\Console\\Command\\Command->run(Object(Symfony\\Component\\Console\\Input\\ArgvInput), Object(Illuminate\\Console\\OutputStyle))
#21 /Users/mgcreditsimmobiliers/Documents/laravel/vendor/symfony/console/Application.php(901): Illuminate\\Console\\Command->run(Object(Symfony\\Component\\Console\\Input\\ArgvInput), Object(Symfony\\Component\\Console\\Output\\ConsoleOutput))
#22 /Users/mgcreditsimmobiliers/Documents/laravel/vendor/symfony/console/Application.php(262): Symfony\\Component\\Console\\Application->doRunCommand(Object(Illuminate\\Database\\Console\\Migrations\\MigrateCommand), Object(Symfony\\Component\\Console\\Input\\ArgvInput), Object(Symfony\\Component\\Console\\Output\\ConsoleOutput))
#23 /Users/mgcreditsimmobiliers/Documents/laravel/vendor/symfony/console/Application.php(145): Symfony\\Component\\Console\\Application->doRun(Object(Symfony\\Component\\Console\\Input\\ArgvInput), Object(Symfony\\Component\\Console\\Output\\ConsoleOutput))
#24 /Users/mgcreditsimmobiliers/Documents/laravel/vendor/laravel/framework/src/Illuminate/Console/Application.php(89): Symfony\\Component\\Console\\Application->run(Object(Symfony\\Component\\Console\\Input\\ArgvInput), Object(Symfony\\Component\\Console\\Output\\ConsoleOutput))
#25 /Users/mgcreditsimmobiliers/Documents/laravel/vendor/laravel/framework/src/Illuminate/Foundation/Console/Kernel.php(122): Illuminate\\Console\\Application->run(Object(Symfony\\Component\\Console\\Input\\ArgvInput), Object(Symfony\\Component\\Console\\Output\\ConsoleOutput))
#26 /Users/mgcreditsimmobiliers/Documents/laravel/artisan(37): Illuminate\\Foundation\\Console\\Kernel->handle(Object(Symfony\\Component\\Console\\Input\\ArgvInput), Object(Symfony\\Component\\Console\\Output\\ConsoleOutput))
#27 {main}
"} 
[2019-04-05 16:17:37] local.ERROR: SQLSTATE[42000]: Syntax error or access violation: 1067 Invalid default value for 'date_start' (SQL: create table `reservations` (`id` int unsigned not null auto_increment primary key, `id_collaborater` int not null, `id_customer` int not null, `created_at` timestamp null, `updated_at` timestamp null, `date_start` timestamp not null, `address_start` text not null, `address_arrival` text not null, `state_request` text not null) default character set utf8mb4 collate 'utf8mb4_unicode_ci') {"exception":"[object] (Illuminate\\Database\\QueryException(code: 42000): SQLSTATE[42000]: Syntax error or access violation: 1067 Invalid default value for 'date_start' (SQL: create table `reservations` (`id` int unsigned not null auto_increment primary key, `id_collaborater` int not null, `id_customer` int not null, `created_at` timestamp null, `updated_at` timestamp null, `date_start` timestamp not null, `address_start` text not null, `address_arrival` text not null, `state_request` text not null) default character set utf8mb4 collate 'utf8mb4_unicode_ci') at /Users/mgcreditsimmobiliers/Documents/laravel/vendor/laravel/framework/src/Illuminate/Database/Connection.php:664, PDOException(code: 42000): SQLSTATE[42000]: Syntax error or access violation: 1067 Invalid default value for 'date_start' at /Users/mgcreditsimmobiliers/Documents/laravel/vendor/laravel/framework/src/Illuminate/Database/Connection.php:458)
[stacktrace]
#0 /Users/mgcreditsimmobiliers/Documents/laravel/vendor/laravel/framework/src/Illuminate/Database/Connection.php(624): Illuminate\\Database\\Connection->runQueryCallback('create table `r...', Array, Object(Closure))
#1 /Users/mgcreditsimmobiliers/Documents/laravel/vendor/laravel/framework/src/Illuminate/Database/Connection.php(459): Illuminate\\Database\\Connection->run('create table `r...', Array, Object(Closure))
#2 /Users/mgcreditsimmobiliers/Documents/laravel/vendor/laravel/framework/src/Illuminate/Database/Schema/Blueprint.php(97): Illuminate\\Database\\Connection->statement('create table `r...')
#3 /Users/mgcreditsimmobiliers/Documents/laravel/vendor/laravel/framework/src/Illuminate/Database/Schema/Builder.php(264): Illuminate\\Database\\Schema\\Blueprint->build(Object(Illuminate\\Database\\MySqlConnection), Object(Illuminate\\Database\\Schema\\Grammars\\MySqlGrammar))
#4 /Users/mgcreditsimmobiliers/Documents/laravel/vendor/laravel/framework/src/Illuminate/Database/Schema/Builder.php(165): Illuminate\\Database\\Schema\\Builder->build(Object(Illuminate\\Database\\Schema\\Blueprint))
#5 /Users/mgcreditsimmobiliers/Documents/laravel/vendor/laravel/framework/src/Illuminate/Support/Facades/Facade.php(237): Illuminate\\Database\\Schema\\Builder->create('reservations', Object(Closure))
#6 /Users/mgcreditsimmobiliers/Documents/laravel/database/migrations/2019_04_05_153827_create_reservations_table.php(25): Illuminate\\Support\\Facades\\Facade::__callStatic('create', Array)
#7 /Users/mgcreditsimmobiliers/Documents/laravel/vendor/laravel/framework/src/Illuminate/Database/Migrations/Migrator.php(360): CreateReservationsTable->up()
#8 /Users/mgcreditsimmobiliers/Documents/laravel/vendor/laravel/framework/src/Illuminate/Database/Migrations/Migrator.php(367): Illuminate\\Database\\Migrations\\Migrator->Illuminate\\Database\\Migrations\\{closure}()
#9 /Users/mgcreditsimmobiliers/Documents/laravel/vendor/laravel/framework/src/Illuminate/Database/Migrations/Migrator.php(178): Illuminate\\Database\\Migrations\\Migrator->runMigration(Object(CreateReservationsTable), 'up')
#10 /Users/mgcreditsimmobiliers/Documents/laravel/vendor/laravel/framework/src/Illuminate/Database/Migrations/Migrator.php(147): Illuminate\\Database\\Migrations\\Migrator->runUp('/Users/mgcredit...', 3, false)
#11 /Users/mgcreditsimmobiliers/Documents/laravel/vendor/laravel/framework/src/Illuminate/Database/Migrations/Migrator.php(96): Illuminate\\Database\\Migrations\\Migrator->runPending(Array, Array)
#12 /Users/mgcreditsimmobiliers/Documents/laravel/vendor/laravel/framework/src/Illuminate/Database/Console/Migrations/MigrateCommand.php(71): Illuminate\\Database\\Migrations\\Migrator->run(Array, Array)
#13 [internal function]: Illuminate\\Database\\Console\\Migrations\\MigrateCommand->handle()
#14 /Users/mgcreditsimmobiliers/Documents/laravel/vendor/laravel/framework/src/Illuminate/Container/BoundMethod.php(29): call_user_func_array(Array, Array)
#15 /Users/mgcreditsimmobiliers/Documents/laravel/vendor/laravel/framework/src/Illuminate/Container/BoundMethod.php(87): Illuminate\\Container\\BoundMethod::Illuminate\\Container\\{closure}()
#16 /Users/mgcreditsimmobiliers/Documents/laravel/vendor/laravel/framework/src/Illuminate/Container/BoundMethod.php(31): Illuminate\\Container\\BoundMethod::callBoundMethod(Object(Illuminate\\Foundation\\Application), Array, Object(Closure))
#17 /Users/mgcreditsimmobiliers/Documents/laravel/vendor/laravel/framework/src/Illuminate/Container/Container.php(572): Illuminate\\Container\\BoundMethod::call(Object(Illuminate\\Foundation\\Application), Array, Array, NULL)
#18 /Users/mgcreditsimmobiliers/Documents/laravel/vendor/laravel/framework/src/Illuminate/Console/Command.php(183): Illuminate\\Container\\Container->call(Array)
#19 /Users/mgcreditsimmobiliers/Documents/laravel/vendor/symfony/console/Command/Command.php(255): Illuminate\\Console\\Command->execute(Object(Symfony\\Component\\Console\\Input\\ArgvInput), Object(Illuminate\\Console\\OutputStyle))
#20 /Users/mgcreditsimmobiliers/Documents/laravel/vendor/laravel/framework/src/Illuminate/Console/Command.php(170): Symfony\\Component\\Console\\Command\\Command->run(Object(Symfony\\Component\\Console\\Input\\ArgvInput), Object(Illuminate\\Console\\OutputStyle))
#21 /Users/mgcreditsimmobiliers/Documents/laravel/vendor/symfony/console/Application.php(901): Illuminate\\Console\\Command->run(Object(Symfony\\Component\\Console\\Input\\ArgvInput), Object(Symfony\\Component\\Console\\Output\\ConsoleOutput))
#22 /Users/mgcreditsimmobiliers/Documents/laravel/vendor/symfony/console/Application.php(262): Symfony\\Component\\Console\\Application->doRunCommand(Object(Illuminate\\Database\\Console\\Migrations\\MigrateCommand), Object(Symfony\\Component\\Console\\Input\\ArgvInput), Object(Symfony\\Component\\Console\\Output\\ConsoleOutput))
#23 /Users/mgcreditsimmobiliers/Documents/laravel/vendor/symfony/console/Application.php(145): Symfony\\Component\\Console\\Application->doRun(Object(Symfony\\Component\\Console\\Input\\ArgvInput), Object(Symfony\\Component\\Console\\Output\\ConsoleOutput))
#24 /Users/mgcreditsimmobiliers/Documents/laravel/vendor/laravel/framework/src/Illuminate/Console/Application.php(89): Symfony\\Component\\Console\\Application->run(Object(Symfony\\Component\\Console\\Input\\ArgvInput), Object(Symfony\\Component\\Console\\Output\\ConsoleOutput))
#25 /Users/mgcreditsimmobiliers/Documents/laravel/vendor/laravel/framework/src/Illuminate/Foundation/Console/Kernel.php(122): Illuminate\\Console\\Application->run(Object(Symfony\\Component\\Console\\Input\\ArgvInput), Object(Symfony\\Component\\Console\\Output\\ConsoleOutput))
#26 /Users/mgcreditsimmobiliers/Documents/laravel/artisan(37): Illuminate\\Foundation\\Console\\Kernel->handle(Object(Symfony\\Component\\Console\\Input\\ArgvInput), Object(Symfony\\Component\\Console\\Output\\ConsoleOutput))
#27 {main}
"} 
[2019-04-05 16:18:02] local.ERROR: SQLSTATE[42000]: Syntax error or access violation: 1067 Invalid default value for 'date_start' (SQL: create table `reservations` (`id` int unsigned not null auto_increment primary key, `id_collaborater` int not null, `id_customer` int not null, `created_at` timestamp null, `updated_at` timestamp null, `date_start` timestamp not null, `address_start` text not null, `address_arrival` text not null, `state_request` text not null) default character set utf8mb4 collate 'utf8mb4_unicode_ci') {"exception":"[object] (Illuminate\\Database\\QueryException(code: 42000): SQLSTATE[42000]: Syntax error or access violation: 1067 Invalid default value for 'date_start' (SQL: create table `reservations` (`id` int unsigned not null auto_increment primary key, `id_collaborater` int not null, `id_customer` int not null, `created_at` timestamp null, `updated_at` timestamp null, `date_start` timestamp not null, `address_start` text not null, `address_arrival` text not null, `state_request` text not null) default character set utf8mb4 collate 'utf8mb4_unicode_ci') at /Users/mgcreditsimmobiliers/Documents/laravel/vendor/laravel/framework/src/Illuminate/Database/Connection.php:664, PDOException(code: 42000): SQLSTATE[42000]: Syntax error or access violation: 1067 Invalid default value for 'date_start' at /Users/mgcreditsimmobiliers/Documents/laravel/vendor/laravel/framework/src/Illuminate/Database/Connection.php:458)
[stacktrace]
#0 /Users/mgcreditsimmobiliers/Documents/laravel/vendor/laravel/framework/src/Illuminate/Database/Connection.php(624): Illuminate\\Database\\Connection->runQueryCallback('create table `r...', Array, Object(Closure))
#1 /Users/mgcreditsimmobiliers/Documents/laravel/vendor/laravel/framework/src/Illuminate/Database/Connection.php(459): Illuminate\\Database\\Connection->run('create table `r...', Array, Object(Closure))
#2 /Users/mgcreditsimmobiliers/Documents/laravel/vendor/laravel/framework/src/Illuminate/Database/Schema/Blueprint.php(97): Illuminate\\Database\\Connection->statement('create table `r...')
#3 /Users/mgcreditsimmobiliers/Documents/laravel/vendor/laravel/framework/src/Illuminate/Database/Schema/Builder.php(264): Illuminate\\Database\\Schema\\Blueprint->build(Object(Illuminate\\Database\\MySqlConnection), Object(Illuminate\\Database\\Schema\\Grammars\\MySqlGrammar))
#4 /Users/mgcreditsimmobiliers/Documents/laravel/vendor/laravel/framework/src/Illuminate/Database/Schema/Builder.php(165): Illuminate\\Database\\Schema\\Builder->build(Object(Illuminate\\Database\\Schema\\Blueprint))
#5 /Users/mgcreditsimmobiliers/Documents/laravel/vendor/laravel/framework/src/Illuminate/Support/Facades/Facade.php(237): Illuminate\\Database\\Schema\\Builder->create('reservations', Object(Closure))
#6 /Users/mgcreditsimmobiliers/Documents/laravel/database/migrations/2019_04_05_153827_create_reservations_table.php(25): Illuminate\\Support\\Facades\\Facade::__callStatic('create', Array)
#7 /Users/mgcreditsimmobiliers/Documents/laravel/vendor/laravel/framework/src/Illuminate/Database/Migrations/Migrator.php(360): CreateReservationsTable->up()
#8 /Users/mgcreditsimmobiliers/Documents/laravel/vendor/laravel/framework/src/Illuminate/Database/Migrations/Migrator.php(367): Illuminate\\Database\\Migrations\\Migrator->Illuminate\\Database\\Migrations\\{closure}()
#9 /Users/mgcreditsimmobiliers/Documents/laravel/vendor/laravel/framework/src/Illuminate/Database/Migrations/Migrator.php(178): Illuminate\\Database\\Migrations\\Migrator->runMigration(Object(CreateReservationsTable), 'up')
#10 /Users/mgcreditsimmobiliers/Documents/laravel/vendor/laravel/framework/src/Illuminate/Database/Migrations/Migrator.php(147): Illuminate\\Database\\Migrations\\Migrator->runUp('/Users/mgcredit...', 3, false)
#11 /Users/mgcreditsimmobiliers/Documents/laravel/vendor/laravel/framework/src/Illuminate/Database/Migrations/Migrator.php(96): Illuminate\\Database\\Migrations\\Migrator->runPending(Array, Array)
#12 /Users/mgcreditsimmobiliers/Documents/laravel/vendor/laravel/framework/src/Illuminate/Database/Console/Migrations/MigrateCommand.php(71): Illuminate\\Database\\Migrations\\Migrator->run(Array, Array)
#13 [internal function]: Illuminate\\Database\\Console\\Migrations\\MigrateCommand->handle()
#14 /Users/mgcreditsimmobiliers/Documents/laravel/vendor/laravel/framework/src/Illuminate/Container/BoundMethod.php(29): call_user_func_array(Array, Array)
#15 /Users/mgcreditsimmobiliers/Documents/laravel/vendor/laravel/framework/src/Illuminate/Container/BoundMethod.php(87): Illuminate\\Container\\BoundMethod::Illuminate\\Container\\{closure}()
#16 /Users/mgcreditsimmobiliers/Documents/laravel/vendor/laravel/framework/src/Illuminate/Container/BoundMethod.php(31): Illuminate\\Container\\BoundMethod::callBoundMethod(Object(Illuminate\\Foundation\\Application), Array, Object(Closure))
#17 /Users/mgcreditsimmobiliers/Documents/laravel/vendor/laravel/framework/src/Illuminate/Container/Container.php(572): Illuminate\\Container\\BoundMethod::call(Object(Illuminate\\Foundation\\Application), Array, Array, NULL)
#18 /Users/mgcreditsimmobiliers/Documents/laravel/vendor/laravel/framework/src/Illuminate/Console/Command.php(183): Illuminate\\Container\\Container->call(Array)
#19 /Users/mgcreditsimmobiliers/Documents/laravel/vendor/symfony/console/Command/Command.php(255): Illuminate\\Console\\Command->execute(Object(Symfony\\Component\\Console\\Input\\ArgvInput), Object(Illuminate\\Console\\OutputStyle))
#20 /Users/mgcreditsimmobiliers/Documents/laravel/vendor/laravel/framework/src/Illuminate/Console/Command.php(170): Symfony\\Component\\Console\\Command\\Command->run(Object(Symfony\\Component\\Console\\Input\\ArgvInput), Object(Illuminate\\Console\\OutputStyle))
#21 /Users/mgcreditsimmobiliers/Documents/laravel/vendor/symfony/console/Application.php(901): Illuminate\\Console\\Command->run(Object(Symfony\\Component\\Console\\Input\\ArgvInput), Object(Symfony\\Component\\Console\\Output\\ConsoleOutput))
#22 /Users/mgcreditsimmobiliers/Documents/laravel/vendor/symfony/console/Application.php(262): Symfony\\Component\\Console\\Application->doRunCommand(Object(Illuminate\\Database\\Console\\Migrations\\MigrateCommand), Object(Symfony\\Component\\Console\\Input\\ArgvInput), Object(Symfony\\Component\\Console\\Output\\ConsoleOutput))
#23 /Users/mgcreditsimmobiliers/Documents/laravel/vendor/symfony/console/Application.php(145): Symfony\\Component\\Console\\Application->doRun(Object(Symfony\\Component\\Console\\Input\\ArgvInput), Object(Symfony\\Component\\Console\\Output\\ConsoleOutput))
#24 /Users/mgcreditsimmobiliers/Documents/laravel/vendor/laravel/framework/src/Illuminate/Console/Application.php(89): Symfony\\Component\\Console\\Application->run(Object(Symfony\\Component\\Console\\Input\\ArgvInput), Object(Symfony\\Component\\Console\\Output\\ConsoleOutput))
#25 /Users/mgcreditsimmobiliers/Documents/laravel/vendor/laravel/framework/src/Illuminate/Foundation/Console/Kernel.php(122): Illuminate\\Console\\Application->run(Object(Symfony\\Component\\Console\\Input\\ArgvInput), Object(Symfony\\Component\\Console\\Output\\ConsoleOutput))
#26 /Users/mgcreditsimmobiliers/Documents/laravel/artisan(37): Illuminate\\Foundation\\Console\\Kernel->handle(Object(Symfony\\Component\\Console\\Input\\ArgvInput), Object(Symfony\\Component\\Console\\Output\\ConsoleOutput))
#27 {main}
"} 
